<?xml version="1.0" encoding="UTF-8"?>
<!-- Generated by org.testng.reporters.JUnitXMLReporter -->
<testsuite ignored="0" hostname="DESKTOP-NQO6M38" failures="0" tests="6" name="Default test" time="16.814" errors="0" timestamp="2026-05-14T08:55:41 IST">
  <testcase classname="api.test.DDTests" name="testPostUser" time="5.462"/>
  <testcase classname="api.test.DDTests" name="testPostUser" time="1.553"/>
  <testcase classname="api.test.DDTests" name="testPostUser" time="2.623"/>
  <testcase classname="api.test.DDTests" name="testDeleteUserByName" time="1.444"/>
  <testcase classname="api.test.DDTests" name="testDeleteUserByName" time="1.617"/>
  <testcase classname="api.test.DDTests" name="testDeleteUserByName" time="1.386"/>
</testsuite> <!-- Default test -->
