<?xml version="1.0" encoding="UTF-8"?>
<testsuite xmlns:xsi="http://www.w3.org/2001/XMLSchema-instance" xsi:noNamespaceSchemaLocation="https://maven.apache.org/surefire/maven-surefire-plugin/xsd/surefire-test-report.xsd" version="3.0.2" name="TestSuite" time="48.274" tests="14" errors="0" skipped="0" failures="0" flakes="0">
  <properties>
[...]
</properties>
  <testcase name="testPostUser" classname="api.test.UserTests" time="5.88">
    <system-out><![CDATA[HTTP/1.1 200 OK
Date: Fri, 15 May 2026 04:14:27 GMT
Content-Type: application/json
Transfer-Encoding: chunked
Connection: keep-alive
Access-Control-Allow-Origin: *
Access-Control-Allow-Methods: GET, POST, DELETE, PUT
Access-Control-Allow-Headers: Content-Type, api_key, Authorization
Server: Jetty(9.2.9.v20150224)

{
    "code": 200,
    "type": "unknown",
    "message": "1826334428"
}
]]></system-out>
    <system-err><![CDATA[SLF4J(W): No SLF4J providers were found.
SLF4J(W): Defaulting to no-operation (NOP) logger implementation
SLF4J(W): See https://www.slf4j.org/codes.html#noProviders for further details.
]]></system-err>
  </testcase>
  <testcase name="testGetUser" classname="api.test.UserTests" time="1.745">
    <system-out><![CDATA[HTTP/1.1 200 OK
Date: Fri, 15 May 2026 04:14:29 GMT
Content-Type: application/json
Transfer-Encoding: chunked
Connection: keep-alive
Access-Control-Allow-Origin: *
Access-Control-Allow-Methods: GET, POST, DELETE, PUT
Access-Control-Allow-Headers: Content-Type, api_key, Authorization
Server: Jetty(9.2.9.v20150224)

{
    "id": 1826334428,
    "username": "roberto.kuhn",
    "firstName": "Anitra",
    "lastName": "Moen",
    "email": "betsy.gleason@example.com",
    "password": "n75xp9z0",
    "userStatus": 0
}
]]></system-out>
  </testcase>
  <testcase name="testUpdateUser" classname="api.test.UserTests" time="1.505">
    <system-out><![CDATA[HTTP/1.1 200 OK
Date: Fri, 15 May 2026 04:14:31 GMT
Content-Type: application/json
Transfer-Encoding: chunked
Connection: keep-alive
Access-Control-Allow-Origin: *
Access-Control-Allow-Methods: GET, POST, DELETE, PUT
Access-Control-Allow-Headers: Content-Type, api_key, Authorization
Server: Jetty(9.2.9.v20150224)

{
    "code": 200,
    "type": "unknown",
    "message": "1826334428"
}
]]></system-out>
  </testcase>
  <testcase name="testDeleteUser" classname="api.test.UserTests" time="1.386">
    <system-out><![CDATA[HTTP/1.1 200 OK
Date: Fri, 15 May 2026 04:14:32 GMT
Content-Type: application/json
Transfer-Encoding: chunked
Connection: keep-alive
Access-Control-Allow-Origin: *
Access-Control-Allow-Methods: GET, POST, DELETE, PUT
Access-Control-Allow-Headers: Content-Type, api_key, Authorization
Server: Jetty(9.2.9.v20150224)

{
    "code": 200,
    "type": "unknown",
    "message": "roberto.kuhn"
}
]]></system-out>
  </testcase>
  <testcase name="testPostUser" classname="api.test.UserTests2" time="1.431">
    <system-out><![CDATA[HTTP/1.1 200 OK
Date: Fri, 15 May 2026 04:14:34 GMT
Content-Type: application/json
Transfer-Encoding: chunked
Connection: keep-alive
Access-Control-Allow-Origin: *
Access-Control-Allow-Methods: GET, POST, DELETE, PUT
Access-Control-Allow-Headers: Content-Type, api_key, Authorization
Server: Jetty(9.2.9.v20150224)

{
    "code": 200,
    "type": "unknown",
    "message": "1523911426"
}
]]></system-out>
  </testcase>
  <testcase name="testGetUser" classname="api.test.UserTests2" time="1.338">
    <system-out><![CDATA[HTTP/1.1 200 OK
Date: Fri, 15 May 2026 04:14:35 GMT
Content-Type: application/json
Transfer-Encoding: chunked
Connection: keep-alive
Access-Control-Allow-Origin: *
Access-Control-Allow-Methods: GET, POST, DELETE, PUT
Access-Control-Allow-Headers: Content-Type, api_key, Authorization
Server: Jetty(9.2.9.v20150224)

{
    "id": 1523911426,
    "username": "andrea.schroeder",
    "firstName": "Isiah",
    "lastName": "Thiel",
    "email": "kurtis.schuster@example.com",
    "password": "7pme54qucs8kgn",
    "userStatus": 0
}
]]></system-out>
  </testcase>
  <testcase name="testUpdateUser" classname="api.test.UserTests2" time="1.953">
    <system-out><![CDATA[HTTP/1.1 200 OK
Date: Fri, 15 May 2026 04:14:37 GMT
Content-Type: application/json
Transfer-Encoding: chunked
Connection: keep-alive
Access-Control-Allow-Origin: *
Access-Control-Allow-Methods: GET, POST, DELETE, PUT
Access-Control-Allow-Headers: Content-Type, api_key, Authorization
Server: Jetty(9.2.9.v20150224)

{
    "code": 200,
    "type": "unknown",
    "message": "1523911426"
}
]]></system-out>
  </testcase>
  <testcase name="testDeleteUser" classname="api.test.UserTests2" time="2.226">
    <system-out><![CDATA[HTTP/1.1 200 OK
Date: Fri, 15 May 2026 04:14:38 GMT
Content-Type: application/json
Transfer-Encoding: chunked
Connection: keep-alive
Access-Control-Allow-Origin: *
Access-Control-Allow-Methods: GET, POST, DELETE, PUT
Access-Control-Allow-Headers: Content-Type, api_key, Authorization
Server: Jetty(9.2.9.v20150224)

{
    "code": 200,
    "type": "unknown",
    "message": "andrea.schroeder"
}
]]></system-out>
  </testcase>
  <testcase name="testPostUser[15, Surya, Surya, Narayana, surya@gmail.com, abc@123, 123456](1)" classname="api.test.DDTests" time="1.35"/>
  <testcase name="testPostUser[16, Raj, Raj, kumar, raj@gmail.com, abc@123, 123456](2)" classname="api.test.DDTests" time="1.469"/>
  <testcase name="testPostUser[17, Veera, Veera, Narappa, veera@gmail.com, abc@123, 123456](3)" classname="api.test.DDTests" time="1.467"/>
  <testcase name="testDeleteUserByName[Surya](1)" classname="api.test.DDTests" time="17.021"/>
  <testcase name="testDeleteUserByName[Raj](2)" classname="api.test.DDTests" time="2.974"/>
  <testcase name="testDeleteUserByName[Veera](3)" classname="api.test.DDTests" time="1.432"/>
</testsuite>