<?xml version="1.0" encoding="UTF-8"?>
<testng-results ignored="0" total="4" passed="4" failed="0" skipped="0">
  <reporter-output>
  </reporter-output>
  <suite started-at="2026-05-14T21:05:54 IST" name="PetSuite" finished-at="2026-05-14T21:06:10 IST" duration-ms="15451">
    <groups>
    </groups>
    <test started-at="2026-05-14T21:05:54 IST" name="Test" finished-at="2026-05-14T21:06:10 IST" duration-ms="15451">
      <class name="api.test.UserTests2">
        <test-method is-config="true" signature="presetup()[pri:0, instance:api.test.UserTests2@2a5c8d3f]" started-at="2026-05-14T21:05:55 IST" name="presetup" finished-at="2026-05-14T21:05:55 IST" duration-ms="518" status="PASS">
          <reporter-output>
          </reporter-output>
        </test-method> <!-- presetup -->
        <test-method signature="testPostUser()[pri:1, instance:api.test.UserTests2@2a5c8d3f]" started-at="2026-05-14T21:05:55 IST" name="testPostUser" finished-at="2026-05-14T21:06:04 IST" duration-ms="8682" status="PASS">
          <reporter-output>
          </reporter-output>
        </test-method> <!-- testPostUser -->
        <test-method signature="testGetUser()[pri:2, instance:api.test.UserTests2@2a5c8d3f]" started-at="2026-05-14T21:06:04 IST" name="testGetUser" finished-at="2026-05-14T21:06:06 IST" duration-ms="1650" status="PASS">
          <reporter-output>
          </reporter-output>
        </test-method> <!-- testGetUser -->
        <test-method signature="testUpdateUser()[pri:3, instance:api.test.UserTests2@2a5c8d3f]" started-at="2026-05-14T21:06:06 IST" name="testUpdateUser" finished-at="2026-05-14T21:06:07 IST" duration-ms="1622" status="PASS">
          <reporter-output>
          </reporter-output>
        </test-method> <!-- testUpdateUser -->
        <test-method signature="testDeleteUser()[pri:4, instance:api.test.UserTests2@2a5c8d3f]" started-at="2026-05-14T21:06:07 IST" name="testDeleteUser" finished-at="2026-05-14T21:06:10 IST" duration-ms="2449" status="PASS">
          <reporter-output>
          </reporter-output>
        </test-method> <!-- testDeleteUser -->
      </class> <!-- api.test.UserTests2 -->
    </test> <!-- Test -->
  </suite> <!-- PetSuite -->
</testng-results>
