<?xml version="1.0" encoding="UTF-8"?>
<!-- Generated by org.testng.reporters.JUnitXMLReporter -->
<testsuite ignored="0" hostname="DESKTOP-NQO6M38" failures="0" tests="14" name="Test" time="46.508" errors="0" timestamp="2026-05-15T09:45:08 IST">
  <testcase classname="api.test.UserTests" name="testPostUser" time="5.847"/>
  <testcase classname="api.test.UserTests" name="testGetUser" time="1.748"/>
  <testcase classname="api.test.UserTests" name="testUpdateUser" time="1.511"/>
  <testcase classname="api.test.UserTests" name="testDeleteUser" time="1.38"/>
  <testcase classname="api.test.UserTests2" name="testPostUser" time="1.427"/>
  <testcase classname="api.test.UserTests2" name="testGetUser" time="1.334"/>
  <testcase classname="api.test.UserTests2" name="testUpdateUser" time="1.953"/>
  <testcase classname="api.test.UserTests2" name="testDeleteUser" time="2.221"/>
  <testcase classname="api.test.DDTests" name="testPostUser" time="1.35"/>
  <testcase classname="api.test.DDTests" name="testPostUser" time="1.468"/>
  <testcase classname="api.test.DDTests" name="testPostUser" time="1.466"/>
  <testcase classname="api.test.DDTests" name="testDeleteUserByName" time="17.021"/>
  <testcase classname="api.test.DDTests" name="testDeleteUserByName" time="2.973"/>
  <testcase classname="api.test.DDTests" name="testDeleteUserByName" time="1.432"/>
</testsuite> <!-- Test -->
