<?xml version="1.0" encoding="UTF-8"?>
<!-- Generated by org.testng.reporters.JUnitReportReporter -->
<testsuite hostname="DESKTOP-NQO6M38" failures="0" tests="4" name="api.test.UserTests2" time="14.403" errors="0" timestamp="2026-05-14T21:06:11 IST" skipped="0">
  <testcase classname="api.test.UserTests2" name="testPostUser" time="8.682"/>
  <testcase classname="api.test.UserTests2" name="testGetUser" time="1.650"/>
  <testcase classname="api.test.UserTests2" name="testUpdateUser" time="1.622"/>
  <testcase classname="api.test.UserTests2" name="testDeleteUser" time="2.449"/>
</testsuite> <!-- api.test.UserTests2 -->
