<?xml version="1.0" encoding="UTF-8"?>
<!-- Generated by org.testng.reporters.JUnitReportReporter -->
<testsuite hostname="DESKTOP-NQO6M38" failures="0" tests="4" name="api.test.UserTests" time="12.689" errors="0" timestamp="2026-05-14T13:54:56 IST" skipped="0">
  <testcase classname="api.test.UserTests" name="testPostUser" time="6.960"/>
  <testcase classname="api.test.UserTests" name="testGetUser" time="1.852"/>
  <testcase classname="api.test.UserTests" name="testUpdateUser" time="1.936"/>
  <testcase classname="api.test.UserTests" name="testDeleteUser" time="1.941"/>
</testsuite> <!-- api.test.UserTests -->
