<?xml version="1.0" encoding="UTF-8"?>
<!-- Generated by org.testng.reporters.JUnitReportReporter -->
<testsuite hostname="DESKTOP-NQO6M38" failures="0" tests="6" name="api.test.DDTests" time="25.710" errors="0" timestamp="2026-05-15T09:45:08 IST" skipped="0">
  <testcase classname="api.test.DDTests" name="testPostUser" time="1.350"/>
  <testcase classname="api.test.DDTests" name="testPostUser" time="1.468"/>
  <testcase classname="api.test.DDTests" name="testPostUser" time="1.466"/>
  <testcase classname="api.test.DDTests" name="testDeleteUserByName" time="17.021"/>
  <testcase classname="api.test.DDTests" name="testDeleteUserByName" time="2.973"/>
  <testcase classname="api.test.DDTests" name="testDeleteUserByName" time="1.432"/>
</testsuite> <!-- api.test.DDTests -->
