<?xml version="1.0" encoding="UTF-8"?>
<!-- Generated by org.testng.reporters.JUnitReportReporter -->
<testsuite hostname="DESKTOP-NQO6M38" failures="0" tests="4" name="api.test.UserTests2" time="6.935" errors="0" timestamp="2026-05-15T09:45:08 IST" skipped="0">
  <testcase classname="api.test.UserTests2" name="testPostUser" time="1.427"/>
  <testcase classname="api.test.UserTests2" name="testGetUser" time="1.334"/>
  <testcase classname="api.test.UserTests2" name="testUpdateUser" time="1.953"/>
  <testcase classname="api.test.UserTests2" name="testDeleteUser" time="2.221"/>
</testsuite> <!-- api.test.UserTests2 -->
